<?xml version="1.0" encoding="UTF-8"?>
<!-- Generated by org.testng.reporters.JUnitReportReporter -->
<testsuite hostname="CoverosSpare" name="com.cucumber.demo.cucumber_demo.GooglePageTest" tests="4" failures="0" timestamp="31 Oct 2017 19:36:10 GMT" time="33.358" errors="0">
  <testcase name="testSearch" time="9.671" classname="com.cucumber.demo.cucumber_demo.GooglePageTest"/>
  <testcase name="testAbout" time="6.989" classname="com.cucumber.demo.cucumber_demo.GooglePageTest"/>
  <testcase name="testDropDown" time="8.385" classname="com.cucumber.demo.cucumber_demo.GooglePageTest"/>
  <testcase name="testStore" time="8.313" classname="com.cucumber.demo.cucumber_demo.GooglePageTest"/>
</testsuite> <!-- com.cucumber.demo.cucumber_demo.GooglePageTest -->
